{"D:\\Microverse2\\collaboration\\Titus-Kiplagat\\Taskade\\src\\modules\\addTask.js": {"path":"D:\\Microverse2\\collaboration\\Titus-Kiplagat\\Taskade\\src\\modules\\addTask.js","statementMap":{"0":{"start":{"line":7,"column":22},"end":{"line":14,"column":1}},"1":{"start":{"line":8,"column":15},"end":{"line":8,"column":36}},"2":{"start":{"line":9,"column":2},"end":{"line":9,"column":22}},"3":{"start":{"line":11,"column":2},"end":{"line":11,"column":22}},"4":{"start":{"line":12,"column":2},"end":{"line":12,"column":28}},"5":{"start":{"line":13,"column":2},"end":{"line":13,"column":15}}},"fnMap":{"0":{"name":"(anonymous_0)","decl":{"start":{"line":7,"column":22},"end":{"line":7,"column":23}},"loc":{"start":{"line":7,"column":39},"end":{"line":14,"column":1}},"line":7}},"branchMap":{},"s":{"0":1,"1":1,"2":1,"3":1,"4":1,"5":1},"f":{"0":1},"b":{},"_coverageSchema":"1a1c01bbd47fc00a2c39e90264f33305004495a9","hash":"88dfda42c632c15af668fe68e1cfd69759ce6b47"}
,"D:\\Microverse2\\collaboration\\Titus-Kiplagat\\Taskade\\src\\modules\\removeTask.js": {"path":"D:\\Microverse2\\collaboration\\Titus-Kiplagat\\Taskade\\src\\modules\\removeTask.js","statementMap":{"0":{"start":{"line":5,"column":19},"end":{"line":10,"column":1}},"1":{"start":{"line":6,"column":2},"end":{"line":6,"column":25}},"2":{"start":{"line":8,"column":2},"end":{"line":8,"column":22}},"3":{"start":{"line":9,"column":2},"end":{"line":9,"column":28}}},"fnMap":{"0":{"name":"(anonymous_0)","decl":{"start":{"line":5,"column":19},"end":{"line":5,"column":20}},"loc":{"start":{"line":5,"column":30},"end":{"line":10,"column":1}},"line":5}},"branchMap":{},"s":{"0":1,"1":1,"2":1,"3":1},"f":{"0":1},"b":{},"_coverageSchema":"1a1c01bbd47fc00a2c39e90264f33305004495a9","hash":"9fe5792ac4d7c01bfdc6aa0f4f32ce344437caef"}
}
